<?xml version="1.0" encoding="UTF-8"?>
<flow xmlns="http://www.springframework.org/schema/webflow"
	xmlns:xsi="http://www.w3.org/2001/XMLSchema-instance"
	xsi:schemaLocation="http://www.springframework.org/schema/webflow
                      http://www.springframework.org/schema/webflow/spring-webflow-2.0.xsd">
                      
     <action-state id="step1">
     	<evaluate expression="testAction.step1()"></evaluate>
     	<transition to="step2"></transition>
     </action-state>
                      
     <action-state id="step2">
     	<evaluate expression="testAction.step2()"></evaluate>
     	<transition to="home"></transition>
     </action-state>  
     
     <view-state id="test">
     
     </view-state>
               
</flow>